#
# There is insufficient memory for the Java Runtime Environment to continue.
# Native memory allocation (malloc) failed to allocate 77824 bytes for Chunk::new
# Possible reasons:
#   The system is out of physical RAM or swap space
#   The process is running with CompressedOops enabled, and the Java Heap may be blocking the growth of the native heap
# Possible solutions:
#   Reduce memory load on the system
#   Increase physical memory or swap space
#   Check if swap backing store is full
#   Decrease Java heap size (-Xmx/-Xms)
#   Decrease number of Java threads
#   Decrease Java thread stack sizes (-Xss)
#   Set larger code cache with -XX:ReservedCodeCacheSize=
#   JVM is running with Unscaled Compressed Oops mode in which the Java heap is
#     placed in the first 4GB address space. The Java Heap base address is the
#     maximum limit for the native heap growth. Please use -XX:HeapBaseMinAddress
#     to set the Java Heap base and to place the Java Heap above 4GB virtual address.
# This output file may be truncated or incomplete.
#
#  Out of Memory Error (allocation.cpp:389), pid=10620, tid=0x0000000000003678
#
# JRE version: OpenJDK Runtime Environment (8.0_242-b01) (build 1.8.0_242-release-1644-b01)
# Java VM: OpenJDK 64-Bit Server VM (25.242-b01 mixed mode windows-amd64 compressed oops)
# Failed to write core dump. Minidumps are not enabled by default on client versions of Windows
#

---------------  T H R E A D  ---------------

Current thread (0x00000000184a1800):  JavaThread "C2 CompilerThread0" daemon [_thread_in_native, id=13944, stack(0x000000001a420000,0x000000001a520000)]

Stack: [0x000000001a420000,0x000000001a520000]
[error occurred during error reporting (printing stack bounds), id 0xc0000005]

Native frames: (J=compiled Java code, j=interpreted, Vv=VM code, C=native code)


Current CompileTask:
C2:  11544 6295       4       org.objectweb.asm.Frame::execute (2318 bytes)


---------------  P R O C E S S  ---------------

Java Threads: ( => current thread )
  0x000000001b7ca800 JavaThread "Cache worker for Build Output Cleanup Cache (D:\workplace\MyMVVM\.gradle\buildOutputCleanup)" [_thread_blocked, id=2760, stack(0x000000002b010000,0x000000002b110000)]
  0x000000001b7c2800 JavaThread "jar transforms Thread 120" [_thread_blocked, id=9876, stack(0x000000002af10000,0x000000002b010000)]
  0x000000001b7c4000 JavaThread "jar transforms Thread 119" [_thread_blocked, id=5892, stack(0x000000002ae10000,0x000000002af10000)]
  0x000000001b7c3000 JavaThread "jar transforms Thread 118" [_thread_blocked, id=12224, stack(0x000000002ad10000,0x000000002ae10000)]
  0x000000001b7c9000 JavaThread "jar transforms Thread 117" [_thread_blocked, id=6344, stack(0x000000002ac10000,0x000000002ad10000)]
  0x000000001b7c8800 JavaThread "jar transforms Thread 116" [_thread_blocked, id=7728, stack(0x000000002ab10000,0x000000002ac10000)]
  0x000000001b7c7800 JavaThread "jar transforms Thread 115" [_thread_blocked, id=10408, stack(0x000000002aa10000,0x000000002ab10000)]
  0x000000001b7c7000 JavaThread "jar transforms Thread 114" [_thread_blocked, id=12080, stack(0x000000002a910000,0x000000002aa10000)]
  0x000000001b7c0000 JavaThread "jar transforms Thread 113" [_thread_blocked, id=9096, stack(0x000000002a810000,0x000000002a910000)]
  0x000000001b7bf800 JavaThread "jar transforms Thread 112" [_thread_blocked, id=11448, stack(0x000000002a710000,0x000000002a810000)]
  0x000000001b7c4800 JavaThread "jar transforms Thread 111" [_thread_blocked, id=15308, stack(0x000000002a610000,0x000000002a710000)]
  0x000000001b7c5800 JavaThread "jar transforms Thread 110" [_thread_blocked, id=9720, stack(0x000000002a510000,0x000000002a610000)]
  0x000000001b7c1800 JavaThread "jar transforms Thread 109" [_thread_blocked, id=10356, stack(0x000000002a410000,0x000000002a510000)]
  0x000000001b7c1000 JavaThread "jar transforms Thread 108" [_thread_blocked, id=12128, stack(0x000000002a210000,0x000000002a310000)]
  0x000000001b7c6000 JavaThread "jar transforms Thread 107" [_thread_blocked, id=15124, stack(0x000000002a110000,0x000000002a210000)]
  0x0000000020482800 JavaThread "jar transforms Thread 106" [_thread_blocked, id=13204, stack(0x000000002a010000,0x000000002a110000)]
  0x0000000020484000 JavaThread "jar transforms Thread 105" [_thread_blocked, id=1368, stack(0x0000000029f10000,0x000000002a010000)]
  0x0000000020487800 JavaThread "jar transforms Thread 104" [_thread_blocked, id=4840, stack(0x0000000029e10000,0x0000000029f10000)]
  0x0000000020481800 JavaThread "jar transforms Thread 103" [_thread_blocked, id=8080, stack(0x0000000029d10000,0x0000000029e10000)]
  0x0000000020486000 JavaThread "jar transforms Thread 102" [_thread_blocked, id=1956, stack(0x0000000029c10000,0x0000000029d10000)]
  0x0000000020483000 JavaThread "jar transforms Thread 101" [_thread_blocked, id=9416, stack(0x0000000029b10000,0x0000000029c10000)]
  0x0000000020488800 JavaThread "jar transforms Thread 100" [_thread_blocked, id=10728, stack(0x0000000029a10000,0x0000000029b10000)]
  0x0000000020484800 JavaThread "jar transforms Thread 99" [_thread_blocked, id=15200, stack(0x0000000029910000,0x0000000029a10000)]
  0x0000000020487000 JavaThread "jar transforms Thread 98" [_thread_blocked, id=8248, stack(0x0000000029810000,0x0000000029910000)]
  0x0000000020485800 JavaThread "jar transforms Thread 97" [_thread_blocked, id=5524, stack(0x0000000029710000,0x0000000029810000)]
  0x000000002047a000 JavaThread "jar transforms Thread 96" [_thread_blocked, id=3340, stack(0x0000000029610000,0x0000000029710000)]
  0x0000000020481000 JavaThread "jar transforms Thread 95" [_thread_blocked, id=6304, stack(0x0000000029510000,0x0000000029610000)]
  0x0000000020479800 JavaThread "jar transforms Thread 94" [_thread_blocked, id=8652, stack(0x0000000029410000,0x0000000029510000)]
  0x0000000020480000 JavaThread "jar transforms Thread 93" [_thread_blocked, id=1928, stack(0x0000000029310000,0x0000000029410000)]
  0x000000002047b000 JavaThread "jar transforms Thread 92" [_thread_blocked, id=9104, stack(0x0000000029210000,0x0000000029310000)]
  0x000000002047b800 JavaThread "jar transforms Thread 91" [_thread_blocked, id=10932, stack(0x0000000029110000,0x0000000029210000)]
  0x000000002047f800 JavaThread "jar transforms Thread 90" [_thread_blocked, id=1532, stack(0x0000000029010000,0x0000000029110000)]
  0x000000002047e000 JavaThread "jar transforms Thread 89" [_thread_blocked, id=13872, stack(0x0000000028f10000,0x0000000029010000)]
  0x000000002047c800 JavaThread "jar transforms Thread 88" [_thread_blocked, id=6796, stack(0x0000000028e10000,0x0000000028f10000)]
  0x000000002047e800 JavaThread "jar transforms Thread 87" [_thread_blocked, id=12352, stack(0x0000000028d10000,0x0000000028e10000)]
  0x000000002047d000 JavaThread "jar transforms Thread 86" [_thread_blocked, id=10176, stack(0x0000000028c10000,0x0000000028d10000)]
  0x000000001c754800 JavaThread "jar transforms Thread 85" [_thread_blocked, id=11856, stack(0x0000000028b10000,0x0000000028c10000)]
  0x000000001c753000 JavaThread "jar transforms Thread 84" [_thread_blocked, id=13184, stack(0x0000000028a10000,0x0000000028b10000)]
  0x000000001c752000 JavaThread "jar transforms Thread 83" [_thread_blocked, id=6580, stack(0x0000000028910000,0x0000000028a10000)]
  0x000000001c756000 JavaThread "jar transforms Thread 82" [_thread_blocked, id=13176, stack(0x0000000028810000,0x0000000028910000)]
  0x000000001c750800 JavaThread "jar transforms Thread 81" [_thread_blocked, id=7968, stack(0x0000000028710000,0x0000000028810000)]
  0x000000001c751800 JavaThread "jar transforms Thread 80" [_thread_blocked, id=13952, stack(0x0000000028610000,0x0000000028710000)]
  0x000000001c750000 JavaThread "jar transforms Thread 79" [_thread_blocked, id=6376, stack(0x0000000028510000,0x0000000028610000)]
  0x000000001c74f000 JavaThread "jar transforms Thread 78" [_thread_blocked, id=6212, stack(0x0000000028410000,0x0000000028510000)]
  0x000000001c753800 JavaThread "jar transforms Thread 77" [_thread_blocked, id=11288, stack(0x0000000028310000,0x0000000028410000)]
  0x000000001c755000 JavaThread "jar transforms Thread 76" [_thread_blocked, id=8816, stack(0x0000000028210000,0x0000000028310000)]
  0x000000001c74e800 JavaThread "jar transforms Thread 75" [_thread_blocked, id=8040, stack(0x0000000028110000,0x0000000028210000)]
  0x000000001c747000 JavaThread "jar transforms Thread 74" [_thread_blocked, id=7864, stack(0x0000000028010000,0x0000000028110000)]
  0x000000001c74d800 JavaThread "jar transforms Thread 73" [_thread_blocked, id=4736, stack(0x0000000027f10000,0x0000000028010000)]
  0x000000001c74d000 JavaThread "jar transforms Thread 72" [_thread_blocked, id=5580, stack(0x0000000027e10000,0x0000000027f10000)]
  0x000000001c74a800 JavaThread "jar transforms Thread 71" [_thread_blocked, id=10420, stack(0x0000000027d10000,0x0000000027e10000)]
  0x000000001c74c000 JavaThread "jar transforms Thread 70" [_thread_blocked, id=13728, stack(0x0000000027c10000,0x0000000027d10000)]
  0x000000001c74b800 JavaThread "jar transforms Thread 69" [_thread_blocked, id=13852, stack(0x0000000027b10000,0x0000000027c10000)]
  0x000000001c749000 JavaThread "jar transforms Thread 68" [_thread_blocked, id=10976, stack(0x0000000027a10000,0x0000000027b10000)]
  0x000000001c74a000 JavaThread "jar transforms Thread 67" [_thread_blocked, id=11204, stack(0x0000000027910000,0x0000000027a10000)]
  0x000000001c748800 JavaThread "jar transforms Thread 66" [_thread_blocked, id=14124, stack(0x0000000027810000,0x0000000027910000)]
  0x000000001c747800 JavaThread "jar transforms Thread 65" [_thread_blocked, id=14468, stack(0x0000000027710000,0x0000000027810000)]
  0x000000001b77b000 JavaThread "jar transforms Thread 64" [_thread_blocked, id=11500, stack(0x0000000027610000,0x0000000027710000)]
  0x000000001b77a000 JavaThread "jar transforms Thread 63" [_thread_blocked, id=2700, stack(0x0000000027510000,0x0000000027610000)]
  0x000000001b773800 JavaThread "jar transforms Thread 62" [_thread_blocked, id=15288, stack(0x0000000027410000,0x0000000027510000)]
  0x000000001b775000 JavaThread "jar transforms Thread 61" [_thread_blocked, id=14432, stack(0x0000000027310000,0x0000000027410000)]
  0x000000001b779800 JavaThread "jar transforms Thread 60" [_thread_blocked, id=9700, stack(0x0000000027210000,0x0000000027310000)]
  0x000000001b774000 JavaThread "jar transforms Thread 59" [_thread_blocked, id=13152, stack(0x0000000027110000,0x0000000027210000)]
  0x000000001b778800 JavaThread "jar transforms Thread 58" [_thread_blocked, id=10284, stack(0x0000000027010000,0x0000000027110000)]
  0x000000001b778000 JavaThread "jar transforms Thread 57" [_thread_blocked, id=9420, stack(0x0000000026f10000,0x0000000027010000)]
  0x000000001b776800 JavaThread "jar transforms Thread 56" [_thread_blocked, id=9776, stack(0x0000000026e10000,0x0000000026f10000)]
  0x000000001b775800 JavaThread "jar transforms Thread 55" [_thread_blocked, id=11136, stack(0x0000000026d10000,0x0000000026e10000)]
  0x000000001b777000 JavaThread "jar transforms Thread 54" [_thread_blocked, id=14588, stack(0x0000000026c10000,0x0000000026d10000)]
  0x000000001b76c000 JavaThread "jar transforms Thread 53" [_thread_blocked, id=1104, stack(0x0000000026b10000,0x0000000026c10000)]
  0x000000001b76e000 JavaThread "jar transforms Thread 52" [_thread_blocked, id=4668, stack(0x0000000026a10000,0x0000000026b10000)]
  0x000000001b76c800 JavaThread "jar transforms Thread 51" [_thread_blocked, id=2776, stack(0x0000000026910000,0x0000000026a10000)]
  0x000000001b76f000 JavaThread "jar transforms Thread 50" [_thread_blocked, id=5436, stack(0x0000000026810000,0x0000000026910000)]
  0x000000001b770800 JavaThread "jar transforms Thread 49" [_thread_blocked, id=9248, stack(0x0000000026710000,0x0000000026810000)]
  0x000000001b771000 JavaThread "jar transforms Thread 48" [_thread_blocked, id=8000, stack(0x0000000026610000,0x0000000026710000)]
  0x000000001b772000 JavaThread "jar transforms Thread 47" [_thread_blocked, id=14516, stack(0x0000000026510000,0x0000000026610000)]
  0x000000001b76d800 JavaThread "jar transforms Thread 46" [_thread_blocked, id=6980, stack(0x0000000026410000,0x0000000026510000)]
  0x000000001b76f800 JavaThread "jar transforms Thread 45" [_thread_blocked, id=11632, stack(0x0000000026310000,0x0000000026410000)]
  0x000000001b772800 JavaThread "jar transforms Thread 44" [_thread_blocked, id=12544, stack(0x0000000026210000,0x0000000026310000)]
  0x000000001ca5a000 JavaThread "jar transforms Thread 43" [_thread_blocked, id=1160, stack(0x0000000026110000,0x0000000026210000)]
  0x000000001b378000 JavaThread "jar transforms Thread 42" [_thread_blocked, id=8856, stack(0x0000000026010000,0x0000000026110000)]
  0x000000001b379800 JavaThread "jar transforms Thread 41" [_thread_blocked, id=7428, stack(0x0000000025f10000,0x0000000026010000)]
  0x000000001b379000 JavaThread "jar transforms Thread 40" [_thread_blocked, id=3408, stack(0x0000000025e10000,0x0000000025f10000)]
  0x000000001b377800 JavaThread "jar transforms Thread 39" [_thread_blocked, id=10808, stack(0x0000000025d10000,0x0000000025e10000)]
  0x000000001b376800 JavaThread "jar transforms Thread 38" [_thread_blocked, id=15272, stack(0x0000000025c10000,0x0000000025d10000)]
  0x000000001b36f000 JavaThread "jar transforms Thread 37" [_thread_blocked, id=10384, stack(0x0000000025b10000,0x0000000025c10000)]
  0x000000001b376000 JavaThread "jar transforms Thread 36" [_thread_blocked, id=12344, stack(0x0000000025810000,0x0000000025910000)]
  0x000000001b375000 JavaThread "jar transforms Thread 35" [_thread_blocked, id=12876, stack(0x0000000025710000,0x0000000025810000)]
  0x000000001b373000 JavaThread "jar transforms Thread 34" [_thread_blocked, id=14920, stack(0x0000000025610000,0x0000000025710000)]
  0x000000001b372000 JavaThread "jar transforms Thread 33" [_thread_blocked, id=1520, stack(0x0000000025510000,0x0000000025610000)]
  0x000000001b374800 JavaThread "jar transforms Thread 32" [_thread_blocked, id=9648, stack(0x0000000025010000,0x0000000025110000)]
  0x000000001b373800 JavaThread "jar transforms Thread 31" [_thread_blocked, id=10308, stack(0x0000000021c10000,0x0000000021d10000)]
  0x000000001b36a800 JavaThread "Memory manager" [_thread_blocked, id=4960, stack(0x0000000024f10000,0x0000000025010000)]
  0x000000001b371800 JavaThread "jar transforms Thread 30" [_thread_blocked, id=5872, stack(0x0000000024610000,0x0000000024710000)]
  0x000000001b370800 JavaThread "jar transforms Thread 29" [_thread_blocked, id=6316, stack(0x0000000024510000,0x0000000024610000)]
  0x000000001b36d800 JavaThread "jar transforms Thread 28" [_thread_blocked, id=9196, stack(0x0000000024410000,0x0000000024510000)]
  0x000000001b370000 JavaThread "jar transforms Thread 27" [_thread_blocked, id=5624, stack(0x0000000024310000,0x0000000024410000)]
  0x000000001b36d000 JavaThread "jar transforms Thread 26" [_thread_blocked, id=12520, stack(0x0000000024210000,0x0000000024310000)]
  0x000000001b36c000 JavaThread "jar transforms Thread 25" [_thread_blocked, id=15180, stack(0x0000000024110000,0x0000000024210000)]
  0x000000001b36b800 JavaThread "jar transforms Thread 24" [_thread_blocked, id=12296, stack(0x0000000024010000,0x0000000024110000)]
  0x000000001f2f4800 JavaThread "jar transforms Thread 23" [_thread_blocked, id=2984, stack(0x0000000023f10000,0x0000000024010000)]
  0x000000001f2fb800 JavaThread "jar transforms Thread 22" [_thread_blocked, id=9848, stack(0x0000000023e10000,0x0000000023f10000)]
  0x000000001f2f6000 JavaThread "jar transforms Thread 21" [_thread_blocked, id=12408, stack(0x0000000023d10000,0x0000000023e10000)]
  0x000000001f2f8800 JavaThread "jar transforms Thread 20" [_thread_blocked, id=13056, stack(0x0000000023c10000,0x0000000023d10000)]
  0x000000001f2fa800 JavaThread "jar transforms Thread 19" [_thread_blocked, id=9860, stack(0x0000000023b10000,0x0000000023c10000)]
  0x000000001f2fa000 JavaThread "jar transforms Thread 18" [_thread_blocked, id=6140, stack(0x0000000023a10000,0x0000000023b10000)]
  0x000000001f2f7000 JavaThread "jar transforms Thread 17" [_thread_blocked, id=8160, stack(0x0000000023910000,0x0000000023a10000)]
  0x000000001f2f5800 JavaThread "jar transforms Thread 16" [_thread_blocked, id=1724, stack(0x0000000023810000,0x0000000023910000)]
  0x000000001f2f9000 JavaThread "jar transforms Thread 15" [_thread_blocked, id=11344, stack(0x0000000023710000,0x0000000023810000)]
  0x000000001f2f7800 JavaThread "jar transforms Thread 14" [_thread_blocked, id=12888, stack(0x0000000023610000,0x0000000023710000)]
  0x000000001ca67000 JavaThread "jar transforms Thread 13" [_thread_blocked, id=8768, stack(0x0000000023510000,0x0000000023610000)]
  0x000000001ca66000 JavaThread "jar transforms Thread 12" [_thread_blocked, id=5876, stack(0x0000000023410000,0x0000000023510000)]
  0x000000001ca68000 JavaThread "jar transforms Thread 11" [_thread_blocked, id=8636, stack(0x0000000023310000,0x0000000023410000)]
  0x000000001ca65800 JavaThread "jar transforms Thread 10" [_thread_blocked, id=8320, stack(0x0000000023210000,0x0000000023310000)]
  0x000000001ca61000 JavaThread "jar transforms Thread 9" [_thread_blocked, id=884, stack(0x0000000023110000,0x0000000023210000)]
  0x000000001ca64800 JavaThread "jar transforms Thread 8" [_thread_blocked, id=6420, stack(0x0000000023010000,0x0000000023110000)]
  0x000000001ca61800 JavaThread "jar transforms Thread 7" [_thread_blocked, id=8952, stack(0x0000000022f10000,0x0000000023010000)]
  0x000000001ca5e800 JavaThread "jar transforms Thread 6" [_thread_blocked, id=9156, stack(0x0000000022e10000,0x0000000022f10000)]
  0x000000001ca60000 JavaThread "jar transforms Thread 5" [_thread_blocked, id=15188, stack(0x0000000022c10000,0x0000000022d10000)]
  0x000000001ca62800 JavaThread "jar transforms Thread 4" [_thread_blocked, id=10144, stack(0x0000000022b10000,0x0000000022c10000)]
  0x000000001ca5f800 JavaThread "jar transforms Thread 3" [_thread_blocked, id=11608, stack(0x0000000022a10000,0x0000000022b10000)]
  0x000000001ca63000 JavaThread "jar transforms Thread 2" [_thread_blocked, id=2948, stack(0x0000000022910000,0x0000000022a10000)]
  0x000000001ca64000 JavaThread "Build operations Thread 6" [_thread_blocked, id=14356, stack(0x0000000022810000,0x0000000022910000)]
  0x000000001ca58800 JavaThread "Build operations Thread 5" [_thread_blocked, id=5776, stack(0x0000000022710000,0x0000000022810000)]
  0x000000001ca5e000 JavaThread "Build operations Thread 4" [_thread_blocked, id=1304, stack(0x0000000022610000,0x0000000022710000)]
  0x000000001ca5d000 JavaThread "Build operations Thread 3" [_thread_blocked, id=13896, stack(0x0000000022510000,0x0000000022610000)]
  0x000000001ca5c800 JavaThread "Build operations Thread 2" [_thread_blocked, id=1308, stack(0x0000000022410000,0x0000000022510000)]
  0x000000001ca5b800 JavaThread "Build operations" [_thread_blocked, id=9384, stack(0x0000000022310000,0x0000000022410000)]
  0x000000001c829800 JavaThread "Cache worker for file content cache (C:\Users\zenos\.gradle\caches\6.5\fileContent)" [_thread_blocked, id=8900, stack(0x00000000217a0000,0x00000000218a0000)]
  0x000000001c82c000 JavaThread "jar transforms" [_thread_blocked, id=1264, stack(0x0000000021910000,0x0000000021a10000)]
  0x000000001c827800 JavaThread "Cache worker for execution history cache (C:\Users\zenos\.gradle\caches\6.5\executionHistory)" [_thread_blocked, id=13972, stack(0x00000000210a0000,0x00000000211a0000)]
  0x000000001c826000 JavaThread "Cache worker for cache directory md-rule (C:\Users\zenos\.gradle\caches\6.5\md-rule)" [_thread_blocked, id=8228, stack(0x0000000020fa0000,0x00000000210a0000)]
  0x000000001c826800 JavaThread "Cache worker for cache directory md-supplier (C:\Users\zenos\.gradle\caches\6.5\md-supplier)" [_thread_blocked, id=9264, stack(0x0000000020ea0000,0x0000000020fa0000)]
  0x000000001c82b000 JavaThread "Cache worker for checksums cache (D:\workplace\MyMVVM\.gradle\checksums)" [_thread_blocked, id=12376, stack(0x000000001fb40000,0x000000001fc40000)]
  0x000000001c82c800 JavaThread "Cache worker for file hash cache (D:\workplace\MyMVVM\.gradle\6.5\fileHashes)" [_thread_blocked, id=11268, stack(0x000000001f840000,0x000000001f940000)]
  0x000000001c829000 JavaThread "Cache worker for file hash cache (C:\Users\zenos\.gradle\caches\6.5\fileHashes)" [_thread_blocked, id=10344, stack(0x000000001e570000,0x000000001e670000)]
  0x000000001c828000 JavaThread "File lock request listener" [_thread_in_native, id=7460, stack(0x000000001e470000,0x000000001e570000)]
  0x0000000019f89000 JavaThread "Cache worker for journal cache (C:\Users\zenos\.gradle\caches\journal-1)" [_thread_blocked, id=7204, stack(0x000000001e370000,0x000000001e470000)]
  0x000000001c5e9000 JavaThread "Thread-9" [_thread_blocked, id=7712, stack(0x000000001e070000,0x000000001e170000)]
  0x000000001c5c9000 JavaThread "Stdin handler" [_thread_blocked, id=13464, stack(0x000000001df70000,0x000000001e070000)]
  0x000000001c5a7800 JavaThread "Asynchronous log dispatcher for DefaultDaemonConnection: socket connection from /127.0.0.1:59315 to /127.0.0.1:59316" [_thread_blocked, id=7524, stack(0x000000001de70000,0x000000001df70000)]
  0x000000001c5c4000 JavaThread "Daemon worker" [_thread_in_native, id=2428, stack(0x000000001dd70000,0x000000001de70000)]
  0x000000001c590800 JavaThread "Cancel handler" [_thread_blocked, id=4952, stack(0x000000001dc70000,0x000000001dd70000)]
  0x000000001c583800 JavaThread "Handler for socket connection from /127.0.0.1:59315 to /127.0.0.1:59316" [_thread_in_native, id=7020, stack(0x000000001db70000,0x000000001dc70000)]
  0x000000001c583000 JavaThread "Daemon" [_thread_blocked, id=11780, stack(0x000000001da70000,0x000000001db70000)]
  0x000000001c566800 JavaThread "Daemon periodic checks" [_thread_in_native, id=11888, stack(0x000000001d770000,0x000000001d870000)]
  0x000000001c555800 JavaThread "Incoming local TCP Connector on port 59315" [_thread_in_native, id=4752, stack(0x000000001d5c0000,0x000000001d6c0000)]
  0x000000001c47e800 JavaThread "Daemon health stats" [_thread_blocked, id=736, stack(0x000000001d2c0000,0x000000001d3c0000)]
  0x00000000184ae800 JavaThread "Service Thread" daemon [_thread_blocked, id=13692, stack(0x000000001a720000,0x000000001a820000)]
  0x00000000184aa000 JavaThread "C1 CompilerThread2" daemon [_thread_blocked, id=7872, stack(0x000000001a620000,0x000000001a720000)]
  0x00000000184a5000 JavaThread "C2 CompilerThread1" daemon [_thread_blocked, id=11520, stack(0x000000001a520000,0x000000001a620000)]
=>0x00000000184a1800 JavaThread "C2 CompilerThread0" daemon [_thread_in_native, id=13944, stack(0x000000001a420000,0x000000001a520000)]
  0x000000001849d800 JavaThread "Attach Listener" daemon [_thread_blocked, id=15060, stack(0x000000001a320000,0x000000001a420000)]
  0x0000000019e72000 JavaThread "Signal Dispatcher" daemon [_thread_blocked, id=7660, stack(0x000000001a220000,0x000000001a320000)]
  0x000000000362b000 JavaThread "Finalizer" daemon [_thread_blocked, id=12568, stack(0x0000000019d20000,0x0000000019e20000)]
  0x000000001847b800 JavaThread "Reference Handler" daemon [_thread_blocked, id=14360, stack(0x0000000019c20000,0x0000000019d20000)]
  0x000000000186e000 JavaThread "main" [_thread_blocked, id=13912, stack(0x0000000003020000,0x0000000003120000)]

Other Threads:
  0x0000000018457000 VMThread [stack: 0x0000000019b20000,0x0000000019c20000] [id=2828]
  0x0000000019f07800 WatcherThread [stack: 0x000000001a820000,0x000000001a920000] [id=5284]

VM state:not at safepoint (normal execution)

VM Mutex/Monitor currently owned by a thread: None

heap address: 0x0000000080000000, size: 2048 MB, Compressed Oops mode: 32-bit
Narrow klass base: 0x0000000000000000, Narrow klass shift: 3
Compressed class space size: 1073741824 Address: 0x0000000100000000

Heap:
 PSYoungGen      total 250880K, used 217107K [0x00000000d5580000, 0x00000000f0780000, 0x0000000100000000)
  eden space 235008K, 85% used [0x00000000d5580000,0x00000000e1a09f18,0x00000000e3b00000)
  from space 15872K, 99% used [0x00000000e3b00000,0x00000000e4a7af18,0x00000000e4a80000)
  to   space 20480K, 0% used [0x00000000ef380000,0x00000000ef380000,0x00000000f0780000)
 ParOldGen       total 110080K, used 16705K [0x0000000080000000, 0x0000000086b80000, 0x00000000d5580000)
  object space 110080K, 15% used [0x0000000080000000,0x0000000081050778,0x0000000086b80000)
 Metaspace       used 54368K, capacity 57006K, committed 57216K, reserved 1097728K
  class space    used 7505K, capacity 7964K, committed 8064K, reserved 1048576K

Card table byte_map: [0x00000000129f0000,0x0000000012e00000] byte_map_base: 0x00000000125f0000

Marking Bits: (ParMarkBitMap*) 0x000000005432f030
 Begin Bits: [0x00000000136b0000, 0x00000000156b0000)
 End Bits:   [0x00000000156b0000, 0x00000000176b0000)

Polling page: 0x00000000017b0000

CodeCache: size=245760Kb used=17905Kb max_used=17905Kb free=227854Kb
 bounds [0x0000000003630000, 0x00000000047c0000, 0x0000000012630000]
 total_blobs=6521 nmethods=5729 adapters=705
 compilation: enabled

Compilation events (10 events):
Event: 11.430 Thread 0x00000000184aa000 6302       3       java.lang.invoke.BoundMethodHandle::rebind (14 bytes)
Event: 11.431 Thread 0x00000000184aa000 nmethod 6302 0x00000000047bd910 code [0x00000000047bdae0, 0x00000000047be1f8]
Event: 11.431 Thread 0x00000000184aa000 6303       3       java.lang.invoke.BoundMethodHandle::tooComplex (27 bytes)
Event: 11.431 Thread 0x00000000184aa000 nmethod 6303 0x00000000047be510 code [0x00000000047be680, 0x00000000047be9c8]
Event: 11.531 Thread 0x00000000184aa000 6304       3       org.gradle.cache.internal.DefaultCrossBuildInMemoryCacheFactory$DefaultClassMap::maybeGetRetainedValue (9 bytes)
Event: 11.531 Thread 0x00000000184aa000 nmethod 6304 0x00000000047bead0 code [0x00000000047bec60, 0x00000000047bf018]
Event: 11.531 Thread 0x00000000184aa000 6305       3       org.gradle.cache.internal.DefaultCrossBuildInMemoryCacheFactory$DefaultClassMap::maybeGetRetainedValue (12 bytes)
Event: 11.531 Thread 0x00000000184aa000 nmethod 6305 0x00000000047bf190 code [0x00000000047bf300, 0x00000000047bf558]
Event: 11.531 Thread 0x00000000184aa000 6306       3       org.gradle.cache.internal.DefaultCrossBuildInMemoryCacheFactory$DefaultClassMap::retainValue (10 bytes)
Event: 11.531 Thread 0x00000000184aa000 nmethod 6306 0x00000000047bf650 code [0x00000000047bf7e0, 0x00000000047bfb98]

GC Heap History (10 events):
Event: 3.101 GC heap before
{Heap before GC invocations=5 (full 1):
 PSYoungGen      total 140800K, used 7454K [0x00000000d5580000, 0x00000000de980000, 0x0000000100000000)
  eden space 130048K, 0% used [0x00000000d5580000,0x00000000d5580000,0x00000000dd480000)
  from space 10752K, 69% used [0x00000000ddf00000,0x00000000de6478a8,0x00000000de980000)
  to   space 10752K, 0% used [0x00000000dd480000,0x00000000dd480000,0x00000000ddf00000)
 ParOldGen       total 173568K, used 1104K [0x0000000080000000, 0x000000008a980000, 0x00000000d5580000)
  object space 173568K, 0% used [0x0000000080000000,0x00000000801143b0,0x000000008a980000)
 Metaspace       used 20521K, capacity 21204K, committed 21248K, reserved 1067008K
  class space    used 2856K, capacity 3048K, committed 3072K, reserved 1048576K
Event: 3.125 GC heap after
Heap after GC invocations=5 (full 1):
 PSYoungGen      total 140800K, used 0K [0x00000000d5580000, 0x00000000de980000, 0x0000000100000000)
  eden space 130048K, 0% used [0x00000000d5580000,0x00000000d5580000,0x00000000dd480000)
  from space 10752K, 0% used [0x00000000ddf00000,0x00000000ddf00000,0x00000000de980000)
  to   space 10752K, 0% used [0x00000000dd480000,0x00000000dd480000,0x00000000ddf00000)
 ParOldGen       total 84480K, used 7271K [0x0000000080000000, 0x0000000085280000, 0x00000000d5580000)
  object space 84480K, 8% used [0x0000000080000000,0x0000000080719ed0,0x0000000085280000)
 Metaspace       used 20521K, capacity 21204K, committed 21248K, reserved 1067008K
  class space    used 2856K, capacity 3048K, committed 3072K, reserved 1048576K
}
Event: 5.258 GC heap before
{Heap before GC invocations=6 (full 1):
 PSYoungGen      total 140800K, used 130048K [0x00000000d5580000, 0x00000000de980000, 0x0000000100000000)
  eden space 130048K, 100% used [0x00000000d5580000,0x00000000dd480000,0x00000000dd480000)
  from space 10752K, 0% used [0x00000000ddf00000,0x00000000ddf00000,0x00000000de980000)
  to   space 10752K, 0% used [0x00000000dd480000,0x00000000dd480000,0x00000000ddf00000)
 ParOldGen       total 84480K, used 7271K [0x0000000080000000, 0x0000000085280000, 0x00000000d5580000)
  object space 84480K, 8% used [0x0000000080000000,0x0000000080719ed0,0x0000000085280000)
 Metaspace       used 33640K, capacity 34768K, committed 34944K, reserved 1079296K
  class space    used 4619K, capacity 4915K, committed 4992K, reserved 1048576K
Event: 5.272 GC heap after
Heap after GC invocations=6 (full 1):
 PSYoungGen      total 140800K, used 10733K [0x00000000d5580000, 0x00000000e5a00000, 0x0000000100000000)
  eden space 130048K, 0% used [0x00000000d5580000,0x00000000d5580000,0x00000000dd480000)
  from space 10752K, 99% used [0x00000000dd480000,0x00000000ddefb448,0x00000000ddf00000)
  to   space 15872K, 0% used [0x00000000e4a80000,0x00000000e4a80000,0x00000000e5a00000)
 ParOldGen       total 84480K, used 10654K [0x0000000080000000, 0x0000000085280000, 0x00000000d5580000)
  object space 84480K, 12% used [0x0000000080000000,0x0000000080a67a80,0x0000000085280000)
 Metaspace       used 33640K, capacity 34768K, committed 34944K, reserved 1079296K
  class space    used 4619K, capacity 4915K, committed 4992K, reserved 1048576K
}
Event: 5.338 GC heap before
{Heap before GC invocations=7 (full 1):
 PSYoungGen      total 140800K, used 20152K [0x00000000d5580000, 0x00000000e5a00000, 0x0000000100000000)
  eden space 130048K, 7% used [0x00000000d5580000,0x00000000d5eb2c48,0x00000000dd480000)
  from space 10752K, 99% used [0x00000000dd480000,0x00000000ddefb448,0x00000000ddf00000)
  to   space 15872K, 0% used [0x00000000e4a80000,0x00000000e4a80000,0x00000000e5a00000)
 ParOldGen       total 84480K, used 10654K [0x0000000080000000, 0x0000000085280000, 0x00000000d5580000)
  object space 84480K, 12% used [0x0000000080000000,0x0000000080a67a80,0x0000000085280000)
 Metaspace       used 34055K, capacity 35254K, committed 35416K, reserved 1079296K
  class space    used 4688K, capacity 4998K, committed 5120K, reserved 1048576K
Event: 5.343 GC heap after
Heap after GC invocations=7 (full 1):
 PSYoungGen      total 250880K, used 6128K [0x00000000d5580000, 0x00000000e5e80000, 0x0000000100000000)
  eden space 235008K, 0% used [0x00000000d5580000,0x00000000d5580000,0x00000000e3b00000)
  from space 15872K, 38% used [0x00000000e4a80000,0x00000000e507c010,0x00000000e5a00000)
  to   space 15872K, 0% used [0x00000000e3b00000,0x00000000e3b00000,0x00000000e4a80000)
 ParOldGen       total 84480K, used 10662K [0x0000000080000000, 0x0000000085280000, 0x00000000d5580000)
  object space 84480K, 12% used [0x0000000080000000,0x0000000080a69a80,0x0000000085280000)
 Metaspace       used 34055K, capacity 35254K, committed 35416K, reserved 1079296K
  class space    used 4688K, capacity 4998K, committed 5120K, reserved 1048576K
}
Event: 5.343 GC heap before
{Heap before GC invocations=8 (full 2):
 PSYoungGen      total 250880K, used 6128K [0x00000000d5580000, 0x00000000e5e80000, 0x0000000100000000)
  eden space 235008K, 0% used [0x00000000d5580000,0x00000000d5580000,0x00000000e3b00000)
  from space 15872K, 38% used [0x00000000e4a80000,0x00000000e507c010,0x00000000e5a00000)
  to   space 15872K, 0% used [0x00000000e3b00000,0x00000000e3b00000,0x00000000e4a80000)
 ParOldGen       total 84480K, used 10662K [0x0000000080000000, 0x0000000085280000, 0x00000000d5580000)
  object space 84480K, 12% used [0x0000000080000000,0x0000000080a69a80,0x0000000085280000)
 Metaspace       used 34055K, capacity 35254K, committed 35416K, reserved 1079296K
  class space    used 4688K, capacity 4998K, committed 5120K, reserved 1048576K
Event: 5.381 GC heap after
Heap after GC invocations=8 (full 2):
 PSYoungGen      total 250880K, used 0K [0x00000000d5580000, 0x00000000e5e80000, 0x0000000100000000)
  eden space 235008K, 0% used [0x00000000d5580000,0x00000000d5580000,0x00000000e3b00000)
  from space 15872K, 0% used [0x00000000e4a80000,0x00000000e4a80000,0x00000000e5a00000)
  to   space 15872K, 0% used [0x00000000e3b00000,0x00000000e3b00000,0x00000000e4a80000)
 ParOldGen       total 110080K, used 12827K [0x0000000080000000, 0x0000000086b80000, 0x00000000d5580000)
  object space 110080K, 11% used [0x0000000080000000,0x0000000080c86d88,0x0000000086b80000)
 Metaspace       used 34055K, capacity 35254K, committed 35416K, reserved 1079296K
  class space    used 4688K, capacity 4998K, committed 5120K, reserved 1048576K
}
Event: 8.268 GC heap before
{Heap before GC invocations=9 (full 2):
 PSYoungGen      total 250880K, used 235008K [0x00000000d5580000, 0x00000000e5e80000, 0x0000000100000000)
  eden space 235008K, 100% used [0x00000000d5580000,0x00000000e3b00000,0x00000000e3b00000)
  from space 15872K, 0% used [0x00000000e4a80000,0x00000000e4a80000,0x00000000e5a00000)
  to   space 15872K, 0% used [0x00000000e3b00000,0x00000000e3b00000,0x00000000e4a80000)
 ParOldGen       total 110080K, used 12827K [0x0000000080000000, 0x0000000086b80000, 0x00000000d5580000)
  object space 110080K, 11% used [0x0000000080000000,0x0000000080c86d88,0x0000000086b80000)
 Metaspace       used 46090K, capacity 47890K, committed 48000K, reserved 1091584K
  class space    used 6357K, capacity 6742K, committed 6784K, reserved 1048576K
Event: 8.285 GC heap after
Heap after GC invocations=9 (full 2):
 PSYoungGen      total 250880K, used 15851K [0x00000000d5580000, 0x00000000f0780000, 0x0000000100000000)
  eden space 235008K, 0% used [0x00000000d5580000,0x00000000d5580000,0x00000000e3b00000)
  from space 15872K, 99% used [0x00000000e3b00000,0x00000000e4a7af18,0x00000000e4a80000)
  to   space 20480K, 0% used [0x00000000ef380000,0x00000000ef380000,0x00000000f0780000)
 ParOldGen       total 110080K, used 16705K [0x0000000080000000, 0x0000000086b80000, 0x00000000d5580000)
  object space 110080K, 15% used [0x0000000080000000,0x0000000081050778,0x0000000086b80000)
 Metaspace       used 46090K, capacity 47890K, committed 48000K, reserved 1091584K
  class space    used 6357K, capacity 6742K, committed 6784K, reserved 1048576K
}

Deoptimization events (10 events):
Event: 9.353 Thread 0x000000001b374800 Uncommon trap: reason=bimorphic action=maybe_recompile pc=0x000000000442316c method=kotlin.reflect.jvm.internal.impl.protobuf.CodedInputStream.tryRefillBuffer(I)Z @ 175
Event: 9.836 Thread 0x000000001b372000 Uncommon trap: reason=class_check action=maybe_recompile pc=0x0000000003d53d74 method=java.util.concurrent.locks.ReentrantLock.lock()V @ 4
Event: 9.839 Thread 0x000000001ca5a000 Uncommon trap: reason=class_check action=maybe_recompile pc=0x0000000003d53d74 method=java.util.concurrent.locks.ReentrantLock.lock()V @ 4
Event: 9.841 Thread 0x000000001b36f000 Uncommon trap: reason=class_check action=maybe_recompile pc=0x0000000003d53d74 method=java.util.concurrent.locks.ReentrantLock.lock()V @ 4
Event: 9.856 Thread 0x000000001c5c4000 Uncommon trap: reason=unstable_if action=reinterpret pc=0x000000000453a5b0 method=org.gradle.internal.snapshot.VfsRelativePath.hasPrefix(Ljava/lang/String;Lorg/gradle/internal/snapshot/CaseSensitivity;)Z @ 6
Event: 9.984 Thread 0x000000001c5c4000 Uncommon trap: reason=class_check action=maybe_recompile pc=0x0000000003d933a8 method=java.util.WeakHashMap.eq(Ljava/lang/Object;Ljava/lang/Object;)Z @ 7
Event: 10.535 Thread 0x000000001c5c4000 Uncommon trap: reason=unstable_if action=reinterpret pc=0x0000000004191440 method=org.gradle.internal.snapshot.PathUtil.equalChars(CCLorg/gradle/internal/snapshot/CaseSensitivity;)Z @ 11
Event: 10.613 Thread 0x000000001c5c4000 Uncommon trap: reason=unstable_if action=reinterpret pc=0x000000000399b32c method=java.util.jar.JarFile.match([C[B[I[I)Z @ 29
Event: 10.874 Thread 0x000000001c5c4000 Uncommon trap: reason=unstable_if action=reinterpret pc=0x00000000038ddcbc method=sun.nio.cs.UTF_8$Decoder.decode([BII[C)I @ 30
Event: 10.874 Thread 0x000000001c5c4000 Uncommon trap: reason=unstable_if action=reinterpret pc=0x000000000382af10 method=sun.nio.cs.UTF_8$Encoder.encode([CII[B)I @ 33

Classes redefined (0 events):
No events

Internal exceptions (10 events):
Event: 10.854 Thread 0x000000001c5c4000 Exception <a 'java/lang/ClassNotFoundException': org/gradle/api/DefaultTaskCustomizer> (0x00000000e0199660) thrown at [C:\src\AOSP-openjdk-git\hotspot\src\share\vm\classfile\systemDictionary.cpp, line 210]
Event: 10.855 Thread 0x000000001c5c4000 Exception <a 'java/lang/ClassNotFoundException': org/gradle/api/internal/ConventionTaskCustomizer> (0x00000000e01e2930) thrown at [C:\src\AOSP-openjdk-git\hotspot\src\share\vm\classfile\systemDictionary.cpp, line 210]
Event: 10.855 Thread 0x000000001c5c4000 Exception <a 'java/lang/ClassNotFoundException': org/gradle/api/tasks/DeleteCustomizer> (0x00000000e0227f20) thrown at [C:\src\AOSP-openjdk-git\hotspot\src\share\vm\classfile\systemDictionary.cpp, line 210]
Event: 10.856 Thread 0x000000001c5c4000 Exception <a 'java/lang/ClassNotFoundException': org/gradle/api/tasks/Delete_DecoratedCustomizer> (0x00000000e027b2e0) thrown at [C:\src\AOSP-openjdk-git\hotspot\src\share\vm\classfile\systemDictionary.cpp, line 210]
Event: 10.892 Thread 0x000000001c5c4000 Exception <a 'java/lang/ClassNotFoundException': build_99omt3k6sjwbtop9mva7gx4lrBeanInfo> (0x00000000e034e770) thrown at [C:\src\AOSP-openjdk-git\hotspot\src\share\vm\classfile\systemDictionary.cpp, line 210]
Event: 10.892 Thread 0x000000001c5c4000 Exception <a 'java/lang/ClassNotFoundException': build_99omt3k6sjwbtop9mva7gx4lrCustomizer> (0x00000000e035a3b0) thrown at [C:\src\AOSP-openjdk-git\hotspot\src\share\vm\classfile\systemDictionary.cpp, line 210]
Event: 10.899 Thread 0x000000001c5c4000 Exception <a 'java/lang/ClassNotFoundException': org/gradle/plugin/use/internal/PluginRequestCollector$PluginDependenciesSpecImplBeanInfo> (0x00000000e03ea120) thrown at [C:\src\AOSP-openjdk-git\hotspot\src\share\vm\classfile\systemDictionary.cpp, line 21
Event: 10.899 Thread 0x000000001c5c4000 Exception <a 'java/lang/ClassNotFoundException': org/gradle/plugin/use/internal/PluginRequestCollector$PluginDependenciesSpecImplCustomizer> (0x00000000e042b158) thrown at [C:\src\AOSP-openjdk-git\hotspot\src\share\vm\classfile\systemDictionary.cpp, line 
Event: 10.934 Thread 0x000000001c5c4000 Exception <a 'java/lang/ClassNotFoundException': org/gradle/api/internal/plugins/DefaultObjectConfigurationActionBeanInfo> (0x00000000e076b1f8) thrown at [C:\src\AOSP-openjdk-git\hotspot\src\share\vm\classfile\systemDictionary.cpp, line 210]
Event: 10.935 Thread 0x000000001c5c4000 Exception <a 'java/lang/ClassNotFoundException': org/gradle/api/internal/plugins/DefaultObjectConfigurationActionCustomizer> (0x00000000e07b3f50) thrown at [C:\src\AOSP-openjdk-git\hotspot\src\share\vm\classfile\systemDictionary.cpp, line 210]

Events (10 events):
Event: 11.407 loading class com/android/build/gradle/internal/DependencyResolutionChecks$registerDependencyCheck$1 done
Event: 11.416 Thread 0x000000001b7ca800 Thread added: 0x000000001b7ca800
Event: 11.430 loading class com/android/build/gradle/internal/DependencyResolutionChecks$registerDependencyCheck$2
Event: 11.430 loading class com/android/build/gradle/internal/DependencyResolutionChecks$registerDependencyCheck$2 done
Event: 11.531 loading class com/android/build/gradle/api/AndroidBasePlugin
Event: 11.531 loading class com/android/build/gradle/api/AndroidBasePlugin done
Event: 11.532 loading class com/android/build/gradle/internal/attribution/AttributionListenerInitializer
Event: 11.532 loading class com/android/build/gradle/internal/attribution/AttributionListenerInitializer done
Event: 11.534 loading class com/android/build/gradle/internal/attribution/AttributionBuildListener
Event: 11.534 loading class com/android/build/gradle/internal/attribution/AttributionBuildListener done


Dynamic libraries:
0x00007ff669f80000 - 0x00007ff669fb1000 	D:\Android\Android Studio\jre\bin\java.exe
0x00007ffe1acf0000 - 0x00007ffe1aee6000 	C:\WINDOWS\SYSTEM32\ntdll.dll
0x00007ffe18df0000 - 0x00007ffe18ead000 	C:\WINDOWS\System32\KERNEL32.DLL
0x00007ffe185d0000 - 0x00007ffe18899000 	C:\WINDOWS\System32\KERNELBASE.dll
0x00007ffe1aa60000 - 0x00007ffe1ab0c000 	C:\WINDOWS\System32\ADVAPI32.dll
0x00007ffe1a9b0000 - 0x00007ffe1aa4e000 	C:\WINDOWS\System32\msvcrt.dll
0x00007ffe18d50000 - 0x00007ffe18dec000 	C:\WINDOWS\System32\sechost.dll
0x00007ffe1a730000 - 0x00007ffe1a85b000 	C:\WINDOWS\System32\RPCRT4.dll
0x00007ffe1ab10000 - 0x00007ffe1acb0000 	C:\WINDOWS\System32\USER32.dll
0x00007ffe18ab0000 - 0x00007ffe18ad2000 	C:\WINDOWS\System32\win32u.dll
0x00007ffe1a870000 - 0x00007ffe1a89a000 	C:\WINDOWS\System32\GDI32.dll
0x00007ffe189a0000 - 0x00007ffe18aab000 	C:\WINDOWS\System32\gdi32full.dll
0x00007ffe184e0000 - 0x00007ffe1857d000 	C:\WINDOWS\System32\msvcp_win.dll
0x00007ffe188a0000 - 0x00007ffe189a0000 	C:\WINDOWS\System32\ucrtbase.dll
0x00007ffdffa30000 - 0x00007ffdffccb000 	C:\WINDOWS\WinSxS\amd64_microsoft.windows.common-controls_6595b64144ccf1df_6.0.19041.746_none_ca02b4b61b8320a4\COMCTL32.dll
0x00007ffe1a1b0000 - 0x00007ffe1a1e0000 	C:\WINDOWS\System32\IMM32.DLL
0x00000000539a0000 - 0x0000000053a72000 	D:\Android\Android Studio\jre\jre\bin\msvcr100.dll
0x0000000053b60000 - 0x00000000543ab000 	D:\Android\Android Studio\jre\jre\bin\server\jvm.dll
0x00007ffe1a860000 - 0x00007ffe1a868000 	C:\WINDOWS\System32\PSAPI.DLL
0x00007ffe10100000 - 0x00007ffe10109000 	C:\WINDOWS\SYSTEM32\WSOCK32.dll
0x00007ffe07020000 - 0x00007ffe07047000 	C:\WINDOWS\SYSTEM32\WINMM.dll
0x00007ffe135a0000 - 0x00007ffe135aa000 	C:\WINDOWS\SYSTEM32\VERSION.dll
0x00007ffe1a140000 - 0x00007ffe1a1ab000 	C:\WINDOWS\System32\WS2_32.dll
0x00007ffe0cd90000 - 0x00007ffe0cd9f000 	D:\Android\Android Studio\jre\jre\bin\verify.dll
0x00007ffe0cd60000 - 0x00007ffe0cd89000 	D:\Android\Android Studio\jre\jre\bin\java.dll
0x00007ffe0cd40000 - 0x00007ffe0cd56000 	D:\Android\Android Studio\jre\jre\bin\zip.dll
0x00007ffe18fa0000 - 0x00007ffe196e3000 	C:\WINDOWS\System32\SHELL32.dll
0x00007ffe16590000 - 0x00007ffe16d1f000 	C:\WINDOWS\SYSTEM32\windows.storage.dll
0x00007ffe1a1e0000 - 0x00007ffe1a536000 	C:\WINDOWS\System32\combase.dll
0x00007ffe17dc0000 - 0x00007ffe17dec000 	C:\WINDOWS\SYSTEM32\Wldp.dll
0x00007ffe196f0000 - 0x00007ffe1979e000 	C:\WINDOWS\System32\SHCORE.dll
0x00007ffe18ec0000 - 0x00007ffe18f15000 	C:\WINDOWS\System32\shlwapi.dll
0x00007ffe18360000 - 0x00007ffe18386000 	C:\WINDOWS\SYSTEM32\profapi.dll
0x00007ffdfbe10000 - 0x00007ffdfbe2a000 	D:\Android\Android Studio\jre\jre\bin\net.dll
0x00007ffe17b40000 - 0x00007ffe17baa000 	C:\WINDOWS\system32\mswsock.dll
0x00007ffdfb520000 - 0x00007ffdfb533000 	D:\Android\Android Studio\jre\jre\bin\nio.dll
0x00007ffe0d140000 - 0x00007ffe0d167000 	C:\Users\zenos\.gradle\native\f6784746aeab05261644944871eae4fe03e0ef1612fff0a4a95f87b438bc6780\windows-amd64\native-platform.dll
0x00007ffe08b30000 - 0x00007ffe08b3d000 	D:\Android\Android Studio\jre\jre\bin\management.dll
0x00007ffe17d10000 - 0x00007ffe17d28000 	C:\WINDOWS\SYSTEM32\CRYPTSP.dll
0x00007ffe174e0000 - 0x00007ffe17514000 	C:\WINDOWS\system32\rsaenh.dll
0x00007ffe18cc0000 - 0x00007ffe18ce7000 	C:\WINDOWS\System32\bcrypt.dll
0x00007ffe182e0000 - 0x00007ffe1830e000 	C:\WINDOWS\SYSTEM32\USERENV.dll
0x00007ffe18ae0000 - 0x00007ffe18b60000 	C:\WINDOWS\System32\bcryptprimitives.dll
0x00007ffe17d30000 - 0x00007ffe17d3c000 	C:\WINDOWS\SYSTEM32\CRYPTBASE.dll
0x00007ffe17830000 - 0x00007ffe1786b000 	C:\WINDOWS\SYSTEM32\IPHLPAPI.DLL
0x00007ffe1aa50000 - 0x00007ffe1aa58000 	C:\WINDOWS\System32\NSI.dll
0x00007ffe12560000 - 0x00007ffe12577000 	C:\WINDOWS\SYSTEM32\dhcpcsvc6.DLL
0x00007ffe12510000 - 0x00007ffe1252d000 	C:\WINDOWS\SYSTEM32\dhcpcsvc.DLL
0x00007ffe17870000 - 0x00007ffe1793b000 	C:\WINDOWS\SYSTEM32\DNSAPI.dll
0x00007ffe12580000 - 0x00007ffe1258b000 	C:\WINDOWS\SYSTEM32\WINNSI.DLL

VM Arguments:
jvm_args: -Xmx2048m -Dfile.encoding=UTF-8 -Duser.country=CN -Duser.language=zh -Duser.variant 
java_command: org.gradle.launcher.daemon.bootstrap.GradleDaemon 6.5
java_class_path (initial): C:\Users\zenos\.gradle\wrapper\dists\gradle-6.5-bin\6nifqtx7604sqp1q6g8wikw7p\gradle-6.5\lib\gradle-launcher-6.5.jar
Launcher Type: SUN_STANDARD

Environment Variables:
JAVA_HOME=D:\ProgressFile\Java\jdk
CLASSPATH=.;D:\ProgressFile\Java\jdk\bin;D:\ProgressFile\Java\jdk\jre\bin;
PATH=C:\Program Files (x86)\Common Files\Oracle\Java\javapath;D:\ProgressFile\Java\jdk\bin;D:\ProgressFile\Git\bin;D:\ProgressFile\Git\cmd;D:\ProgressFile\Git\mingw64\libexec\git-core;C:\Windows\System32;C:\Windows\System32\WindowsPowerShell\v1.0;"D:\ProgressFile\Git\bin;";D:\flutter\bin\cache\dart-sdk\bin;D:\flutter\bin;D:\ProgressFile\Sdk\tools;D:\ProgressFile\Sdk\platform-tools;;C:\WINDOWS\system32;C:\WINDOWS;C:\WINDOWS\System32\Wbem;C:\WINDOWS\System32\WindowsPowerShell\v1.0\;C:\WINDOWS\System32\OpenSSH\;C:\Users\zenos\AppData\Local\Microsoft\WindowsApps;D:\ProgressFile\Git\bin;D:\ProgressFile\Git\cmd;D:\ProgressFile\Git\mingw64\libexec\git-core;C:\Windows\System32;C:\Windows\System32\WindowsPowerShell\v1.0;"D:\ProgressFile\Git\bin;";;D:\ProgressFile\Microsoft VS Code\bin
USERNAME=zenos
OS=Windows_NT
PROCESSOR_IDENTIFIER=Intel64 Family 6 Model 158 Stepping 10, GenuineIntel



---------------  S Y S T E M  ---------------

OS: Windows 10.0 , 64 bit Build 19041 (10.0.19041.662)

CPU:total 6 (initial active 6) (6 cores per cpu, 1 threads per core) family 6 model 158 stepping 10, cmov, cx8, fxsr, mmx, sse, sse2, sse3, ssse3, sse4.1, sse4.2, popcnt, avx, avx2, aes, clmul, erms, 3dnowpref, lzcnt, tsc, tscinvbit, bmi1, bmi2, adx

Memory: 4k page, physical 16635368k(2967492k free), swap 31186316k(884k free)

vm_info: OpenJDK 64-Bit Server VM (25.242-b01) for windows-amd64 JRE (1.8.0_242-release-1644-b01), built by "builder" with MS VC++ 10.0 (VS2010)

time: Fri Jan 29 16:18:00 2021
timezone: 中国标准时间
elapsed time: 11 seconds (0d 0h 0m 11s)

